<?xml version="1.0" encoding="UTF-8"?>
<!-- Generated by org.testng.reporters.JUnitReportReporter -->
<testsuite hostname="LAPTOP-0A7BHQUS" failures="0" tests="1" name="com.way2Project.Tests.HomePageTest" time="9.351" errors="0" timestamp="2022-11-06T20:01:56 AST" skipped="0">
  <testcase classname="com.way2Project.Tests.HomePageTest" name="bankManagerloginTest" time="9.351"/>
  <system-out/>
</testsuite> <!-- com.way2Project.Tests.HomePageTest -->
